<?xml version="1.0" encoding="UTF-8"?>
<testsuite xmlns:xsi="http://www.w3.org/2001/XMLSchema-instance" xsi:noNamespaceSchemaLocation="https://maven.apache.org/surefire/maven-surefire-plugin/xsd/surefire-test-report.xsd" version="3.0.2" name="com.example.offline_router.OfflineRouterApplicationTests" time="3.332" tests="1" errors="0" skipped="0" failures="0" flakes="0">
  <properties>
[...]
</properties>
  <testcase name="contextLoads" classname="com.example.offline_router.OfflineRouterApplicationTests" time="0.755">
    <system-out><![CDATA[11:41:28,264 |-INFO in ch.qos.logback.classic.LoggerContext[default] - Found logback-core version 1.5.34
11:41:28,267 |-INFO in ch.qos.logback.classic.util.ContextInitializer@46074492 - Here is a list of configurators discovered as a service, by rank: 
11:41:28,267 |-INFO in ch.qos.logback.classic.util.ContextInitializer@46074492 -   org.springframework.boot.logging.logback.RootLogLevelConfigurator
11:41:28,267 |-INFO in ch.qos.logback.classic.util.ContextInitializer@46074492 - They will be invoked in order until ExecutionStatus.DO_NOT_INVOKE_NEXT_IF_ANY is returned.
11:41:28,267 |-INFO in ch.qos.logback.classic.util.ContextInitializer@46074492 - Constructed configurator of type class org.springframework.boot.logging.logback.RootLogLevelConfigurator
11:41:28,271 |-INFO in ch.qos.logback.classic.util.ContextInitializer@46074492 - org.springframework.boot.logging.logback.RootLogLevelConfigurator.configure() call lasted 0 milliseconds. ExecutionStatus=INVOKE_NEXT_IF_ANY
11:41:28,271 |-INFO in ch.qos.logback.classic.util.ContextInitializer@46074492 - Trying to configure with ch.qos.logback.classic.util.DefaultJoranConfigurator
11:41:28,273 |-INFO in ch.qos.logback.classic.util.ContextInitializer@46074492 - Constructed configurator of type class ch.qos.logback.classic.util.DefaultJoranConfigurator
11:41:28,274 |-INFO in ch.qos.logback.classic.LoggerContext[default] - Could NOT find resource [logback-test.xml]
11:41:28,275 |-INFO in ch.qos.logback.classic.LoggerContext[default] - Found resource [logback.xml] at [file:/C:/Users/Admin/Desktop/apps/DRDO2/offline-router/target/classes/logback.xml]
11:41:28,350 |-WARN in ch.qos.logback.core.joran.action.ConversionRuleAction - [converterClass] attribute is deprecated and replaced by [class]. See element [conversionRule] near line 3
11:41:28,390 |-INFO in ch.qos.logback.classic.model.processor.ConfigurationModelHandlerFull - Scan attribute not set or set to unrecognized value.
11:41:28,390 |-INFO in ch.qos.logback.core.model.processor.ConversionRuleModelHandler - registering conversion word maskedMsg with class [com.example.offline_router.config.MaskedMessageConverter]
11:41:28,399 |-INFO in ch.qos.logback.core.model.processor.AppenderModelHandler - Processing appender named [CONSOLE]
11:41:28,399 |-INFO in ch.qos.logback.core.model.processor.AppenderModelHandler - About to instantiate appender of type [ch.qos.logback.core.ConsoleAppender]
11:41:28,408 |-INFO in ch.qos.logback.core.model.processor.ImplicitModelHandler - Assuming default type [ch.qos.logback.classic.encoder.PatternLayoutEncoder] for [encoder] property
11:41:28,447 |-INFO in ch.qos.logback.core.ConsoleAppender[CONSOLE] - NOTE: Writing to the console can be slow. Try to avoid logging to the 
11:41:28,447 |-INFO in ch.qos.logback.core.ConsoleAppender[CONSOLE] - console in production environments, especially in high volume systems.
11:41:28,447 |-INFO in ch.qos.logback.core.ConsoleAppender[CONSOLE] - See also https://logback.qos.ch/codes.html#slowConsole
11:41:28,448 |-INFO in ch.qos.logback.core.model.processor.AppenderModelHandler - Processing appender named [FILE]
11:41:28,448 |-INFO in ch.qos.logback.core.model.processor.AppenderModelHandler - About to instantiate appender of type [ch.qos.logback.core.rolling.RollingFileAppender]
11:41:28,452 |-INFO in ch.qos.logback.core.model.processor.ImplicitModelHandler - Assuming default type [ch.qos.logback.classic.encoder.PatternLayoutEncoder] for [encoder] property
11:41:28,460 |-INFO in c.q.l.core.rolling.SizeAndTimeBasedRollingPolicy@14124949 - setting totalSizeCap to 100 MB
11:41:28,462 |-INFO in c.q.l.core.rolling.SizeAndTimeBasedRollingPolicy@14124949 - Archive files will be limited to [10 MB] each.
11:41:28,462 |-INFO in c.q.l.core.rolling.SizeAndTimeBasedRollingPolicy@14124949 - No compression will be used
11:41:28,465 |-INFO in c.q.l.core.rolling.SizeAndTimeBasedRollingPolicy@14124949 - Will use the pattern logs/routing-service.%d{yyyy-MM-dd}.%i.log for the active file
11:41:28,491 |-INFO in ch.qos.logback.core.rolling.SizeAndTimeBasedFileNamingAndTriggeringPolicy@2c715e84 - The date pattern is 'yyyy-MM-dd' from file name pattern 'logs/routing-service.%d{yyyy-MM-dd}.%i.log'.
11:41:28,491 |-INFO in ch.qos.logback.core.rolling.SizeAndTimeBasedFileNamingAndTriggeringPolicy@2c715e84 - Roll-over at midnight.
11:41:28,492 |-INFO in ch.qos.logback.core.rolling.SizeAndTimeBasedFileNamingAndTriggeringPolicy@2c715e84 - Setting initial period to 2026-07-16T06:11:28.491Z
11:41:28,499 |-INFO in ch.qos.logback.core.rolling.RollingFileAppender[FILE] - Active log file name: logs/routing-service.log
11:41:28,500 |-INFO in ch.qos.logback.core.rolling.RollingFileAppender[FILE] - File property is set to [logs/routing-service.log]
11:41:28,501 |-INFO in ch.qos.logback.classic.model.processor.RootLoggerModelHandler - Setting level of ROOT logger to INFO
11:41:28,501 |-INFO in ch.qos.logback.core.model.processor.AppenderRefModelHandler - Attaching appender named [CONSOLE] to Logger[ROOT]
11:41:28,503 |-INFO in ch.qos.logback.core.model.processor.AppenderRefModelHandler - Attaching appender named [FILE] to Logger[ROOT]
11:41:28,503 |-INFO in ch.qos.logback.classic.model.processor.LoggerModelHandler - Setting level of logger [com.example.offline_router] to DEBUG
11:41:28,503 |-INFO in ch.qos.logback.classic.model.processor.LoggerModelHandler - Setting level of logger [org.springframework.web] to INFO
11:41:28,503 |-INFO in ch.qos.logback.classic.model.processor.LoggerModelHandler - Setting level of logger [org.springframework.jdbc] to DEBUG
11:41:28,503 |-INFO in ch.qos.logback.core.model.processor.DefaultProcessor@47428937 - End of configuration.
11:41:28,504 |-INFO in ch.qos.logback.classic.joran.JoranConfigurator@3b9d6699 - Registering current configuration as safe fallback point
11:41:28,504 |-INFO in ch.qos.logback.classic.util.ContextInitializer@46074492 - ch.qos.logback.classic.util.DefaultJoranConfigurator.configure() call lasted 231 milliseconds. ExecutionStatus=DO_NOT_INVOKE_NEXT_IF_ANY

2026-07-16 11:41:28 [main] INFO  o.s.t.c.s.AnnotationConfigContextLoaderUtils - Could not detect default configuration classes for test class [com.example.offline_router.OfflineRouterApplicationTests]: OfflineRouterApplicationTests does not declare any static, non-private, non-final, nested classes annotated with @Configuration.
2026-07-16 11:41:28 [main] INFO  o.s.b.t.c.SpringBootTestContextBootstrapper - Found @SpringBootConfiguration com.example.offline_router.OfflineRouterApplication for test class com.example.offline_router.OfflineRouterApplicationTests
2026-07-16 11:41:28 [main] INFO  o.s.t.c.s.AnnotationConfigContextLoaderUtils - Could not detect default configuration classes for test class [com.example.offline_router.OfflineRouterApplicationTests]: OfflineRouterApplicationTests does not declare any static, non-private, non-final, nested classes annotated with @Configuration.
2026-07-16 11:41:28 [main] INFO  o.s.b.t.c.SpringBootTestContextBootstrapper - Found @SpringBootConfiguration com.example.offline_router.OfflineRouterApplication for test class com.example.offline_router.OfflineRouterApplicationTests

  .   ____          _            __ _ _
 /\\ / ___'_ __ _ _(_)_ __  __ _ \ \ \ \
( ( )\___ | '_ | '_| | '_ \/ _` | \ \ \ \
 \\/  ___)| |_)| | | | | || (_| |  ) ) ) )
  '  |____| .__|_| |_|_| |_\__, | / / / /
 =========|_|==============|___/=/_/_/_/

 :: Spring Boot ::                (v4.1.0)

2026-07-16 11:41:29 [main] INFO  c.e.o.OfflineRouterApplicationTests - Starting OfflineRouterApplicationTests using Java 17.0.18 with PID 32304 (started by Admin in C:\Users\Admin\Desktop\apps\DRDO2\offline-router)
2026-07-16 11:41:29 [main] DEBUG c.e.o.OfflineRouterApplicationTests - Running with Spring Boot v4.1.0, Spring v7.0.8
2026-07-16 11:41:29 [main] INFO  c.e.o.OfflineRouterApplicationTests - No active profile set, falling back to 1 default profile: "default"
2026-07-16 11:41:30 [main] INFO  c.e.o.OfflineRouterApplicationTests - Started OfflineRouterApplicationTests in 1.808 seconds (process running for 3.229)
]]></system-out>
    <system-err><![CDATA[11:41:29,098 |-WARN in ch.qos.logback.core.joran.action.ConversionRuleAction - [converterClass] attribute is deprecated and replaced by [class]. See element [conversionRule] near line 3
]]></system-err>
  </testcase>
</testsuite>